<?xml version="1.0" encoding="UTF-8" standalone="yes"?>
<eventBusBridgeResponse>
    <address>originaladdress</address>
    <messageType>String</messageType>
    <message>VkdWemRGSmxjM0J2Ym5ObA==</message>
    <successful>true</successful>
</eventBusBridgeResponse>
